Change Component Designator: Old Designator=C1 New Designator=C14
Change Component Designator: Old Designator=C2 New Designator=C15
Change Component Designator: Old Designator=C3 New Designator=C16
Change Component Designator: Old Designator=C4 New Designator=C12
Change Component Designator: Old Designator=C5 New Designator=C13
Change Component Designator: Old Designator=C6 New Designator=C8
Change Component Designator: Old Designator=C7 New Designator=C9
Change Component Designator: Old Designator=C10 New Designator=C1
Change Component Designator: Old Designator=C11 New Designator=C2
Change Component Designator: Old Designator=C12 New Designator=C3
Change Component Designator: Old Designator=C13 New Designator=C4
Change Component Designator: Old Designator=C14 New Designator=C5
Change Component Designator: Old Designator=C15 New Designator=C6
Change Component Designator: Old Designator=C16 New Designator=C7
Change Component Designator: Old Designator=C17 New Designator=C10
Change Component Designator: Old Designator=C18 New Designator=C11
Change Component Designator: Old Designator=control_L New Designator=control_L1
Change Component Designator: Old Designator=control_R New Designator=control_R1
Change Component Designator: Old Designator=F? New Designator=F1
Change Component Designator: Old Designator=J6 New Designator=J3
Change Component Designator: Old Designator=J? New Designator=J2
Change Component Designator: Old Designator=L3 New Designator=L4
Change Component Designator: Old Designator=L4 New Designator=L1
Change Component Designator: Old Designator=L5 New Designator=L2
Change Component Designator: Old Designator=L6 New Designator=L3
Change Component Designator: Old Designator=LCD New Designator=LCD1
Change Component Designator: Old Designator=P6 New Designator=P1
Change Component Designator: Old Designator=Q? New Designator=Q1
Change Component Designator: Old Designator=R1 New Designator=R6
Change Component Designator: Old Designator=R2 New Designator=R7
Change Component Designator: Old Designator=R3 New Designator=R14
Change Component Designator: Old Designator=R4 New Designator=R9
Change Component Designator: Old Designator=R5 New Designator=R11
Change Component Designator: Old Designator=R5 New Designator=R15
Change Component Designator: Old Designator=R5 New Designator=R16
Change Component Designator: Old Designator=R6 New Designator=R12
Change Component Designator: Old Designator=R7 New Designator=R10
Change Component Designator: Old Designator=R8 New Designator=R21
Change Component Designator: Old Designator=R9 New Designator=R22
Change Component Designator: Old Designator=R10 New Designator=R23
Change Component Designator: Old Designator=R11 New Designator=R24
Change Component Designator: Old Designator=R12 New Designator=R20
Change Component Designator: Old Designator=R13 New Designator=R19
Change Component Designator: Old Designator=R14 New Designator=R18
Change Component Designator: Old Designator=R15 New Designator=R17
Change Component Designator: Old Designator=R16 New Designator=R4
Change Component Designator: Old Designator=R17 New Designator=R1
Change Component Designator: Old Designator=R18 New Designator=R8
Change Component Designator: Old Designator=R19 New Designator=R13
Change Component Designator: Old Designator=R20 New Designator=R2
Change Component Designator: Old Designator=R21 New Designator=R3
Change Component Designator: Old Designator=R22 New Designator=R5
Change Component Designator: Old Designator=U1 New Designator=U2
Change Component Designator: Old Designator=U3 New Designator=U1
