Added Component: Designator=C1(1206C)
Added Component: Designator=C2(0805C)
Added Component: Designator=C3(1206C)
Added Component: Designator=C4(0805C)
Added Component: Designator=C5(0805C)
Added Component: Designator=C6(1206C)
Added Component: Designator=C7(0805C)
Added Component: Designator=C8(0805C)
Added Component: Designator=C9(0805C)
Added Component: Designator=C10(0805C)
Added Component: Designator=C11(0805C)
Added Component: Designator=C12(0805C)
Added Component: Designator=C13(0805C)
Added Component: Designator=D1(C_SMA_3216)
Added Component: Designator=D2(C_SMA_3216)
Added Component: Designator=D3(C_SMA_3216)
Added Component: Designator=D4(C_SMA_3216)
Added Component: Designator=D5(C_SMA_3216)
Added Component: Designator=D6(LED5050_RGB)
Added Component: Designator=D7(0805D)
Added Component: Designator=D8(0805D)
Added Component: Designator=D9(0805D)
Added Component: Designator=D10(0805D)
Added Component: Designator=D11(0805D)
Added Component: Designator=D12(0805D)
Added Component: Designator=D13(0805D)
Added Component: Designator=D14(0805D)
Added Component: Designator=J1(P2_2.0-2)
Added Component: Designator=J2(P2_2.0-1)
Added Component: Designator=J3(P2_2.0-1)
Added Component: Designator=J4(P2_2.0-1)
Added Component: Designator=J5(P2_2.0-1)
Added Component: Designator=J6(P4_2.54-1)
Added Component: Designator=J7(PC_3)
Added Component: Designator=L1(D0805)
Added Component: Designator=L2(1206)
Added Component: Designator=L3(1206)
Added Component: Designator=L4(R0805)
Added Component: Designator=R1(R0805)
Added Component: Designator=R2(R0805)
Added Component: Designator=R3(2512R - duplicate)
Added Component: Designator=R4(R0805)
Added Component: Designator=R5(R0805)
Added Component: Designator=R6(0805R)
Added Component: Designator=R7(R0805)
Added Component: Designator=R8(R0805)
Added Component: Designator=R9(R0805)
Added Component: Designator=R10(0805R)
Added Component: Designator=R11(R0805)
Added Component: Designator=R12(R0805)
Added Component: Designator=R13(R0805)
Added Component: Designator=R14(R0805)
Added Component: Designator=R15(R0805)
Added Component: Designator=R16(R0805)
Added Component: Designator=R17(R0805)
Added Component: Designator=R18(8P4R_0603)
Added Component: Designator=R19(0805R)
Added Component: Designator=R20(R0805)
Added Component: Designator=R21(R0805)
Added Component: Designator=R22(R0805)
Added Component: Designator=S1(KEY_KFT7.0)
Added Component: Designator=U1(LQFP48_N)
Added Component: Designator=U3(ZZ311)
Added Component: Designator=U5(P8_2.54-1)
Added Component: Designator=Y1(Y2)
Added Pin To Net: NetName=+3.3V Pin=C6-1
Added Pin To Net: NetName=+3.3V Pin=C7-1
Added Pin To Net: NetName=+3.3V Pin=C11-1
Added Pin To Net: NetName=+3.3V Pin=C12-1
Added Pin To Net: NetName=+3.3V Pin=C13-1
Added Pin To Net: NetName=+3.3V Pin=J6-2
Added Pin To Net: NetName=+3.3V Pin=L1-1
Added Pin To Net: NetName=+3.3V Pin=L4-1
Added Pin To Net: NetName=+3.3V Pin=R1-2
Added Pin To Net: NetName=+3.3V Pin=R13-1
Added Pin To Net: NetName=+3.3V Pin=R18-1
Added Pin To Net: NetName=+3.3V Pin=R18-3
Added Pin To Net: NetName=+3.3V Pin=R18-5
Added Pin To Net: NetName=+3.3V Pin=R18-7
Added Pin To Net: NetName=+3.3V Pin=U1-1
Added Pin To Net: NetName=+3.3V Pin=U1-24
Added Pin To Net: NetName=+3.3V Pin=U1-36
Added Pin To Net: NetName=+3.3V Pin=U1-48
Added Pin To Net: NetName=+3.3V Pin=U3-4
Added Pin To Net: NetName=+3.3V Pin=U5-2
Added Net: Name=+3.3V
Added Pin To Net: NetName=+5.0V Pin=C2-1
Added Pin To Net: NetName=+5.0V Pin=C3-1
Added Pin To Net: NetName=+5.0V Pin=D1-2
Added Pin To Net: NetName=+5.0V Pin=R6-2
Added Pin To Net: NetName=+5.0V Pin=U3-3
Added Net: Name=+5.0V
Added Pin To Net: NetName=2.4_CE Pin=U1-13
Added Net: Name=2.4_CE
Added Pin To Net: NetName=2.4_CSN Pin=U1-19
Added Net: Name=2.4_CSN
Added Pin To Net: NetName=2.4_IRQ Pin=U1-18
Added Net: Name=2.4_IRQ
Added Pin To Net: NetName=2.4_MISO Pin=U1-16
Added Net: Name=2.4_MISO
Added Pin To Net: NetName=2.4_MOSI Pin=U1-17
Added Net: Name=2.4_MOSI
Added Pin To Net: NetName=2.4_SCK Pin=U1-15
Added Net: Name=2.4_SCK
Added Pin To Net: NetName=505LED Pin=R22-2
Added Pin To Net: NetName=505LED Pin=U1-41
Added Net: Name=505LED
Added Pin To Net: NetName=ADC Pin=C4-1
Added Pin To Net: NetName=ADC Pin=R7-2
Added Pin To Net: NetName=ADC Pin=R9-1
Added Pin To Net: NetName=ADC Pin=U1-11
Added Net: Name=ADC
Added Pin To Net: NetName=BAT+ Pin=D2-2
Added Pin To Net: NetName=BAT+ Pin=D3-2
Added Pin To Net: NetName=BAT+ Pin=D4-2
Added Pin To Net: NetName=BAT+ Pin=D5-2
Added Pin To Net: NetName=BAT+ Pin=J2-1
Added Pin To Net: NetName=BAT+ Pin=J3-1
Added Pin To Net: NetName=BAT+ Pin=J4-1
Added Pin To Net: NetName=BAT+ Pin=J5-1
Added Pin To Net: NetName=BAT+ Pin=R19-1
Added Pin To Net: NetName=BAT+ Pin=R20-1
Added Pin To Net: NetName=BAT+ Pin=R21-1
Added Net: Name=BAT+
Added Pin To Net: NetName=BAT Pin=J1-1
Added Pin To Net: NetName=BAT Pin=S1-1
Added Pin To Net: NetName=BAT Pin=S1-6
Added Net: Name=BAT
Added Pin To Net: NetName=GND Pin=C1-1
Added Pin To Net: NetName=GND Pin=C3-2
Added Pin To Net: NetName=GND Pin=C6-2
Added Pin To Net: NetName=GND Pin=C7-2
Added Pin To Net: NetName=GND Pin=C8-1
Added Pin To Net: NetName=GND Pin=C9-1
Added Pin To Net: NetName=GND Pin=C10-2
Added Pin To Net: NetName=GND Pin=C11-2
Added Pin To Net: NetName=GND Pin=C12-2
Added Pin To Net: NetName=GND Pin=C13-2
Added Pin To Net: NetName=GND Pin=J1-2
Added Pin To Net: NetName=GND Pin=J6-1
Added Pin To Net: NetName=GND Pin=L2-1
Added Pin To Net: NetName=GND Pin=R2-1
Added Pin To Net: NetName=GND Pin=R4-2
Added Pin To Net: NetName=GND Pin=R5-2
Added Pin To Net: NetName=GND Pin=R8-2
Added Pin To Net: NetName=GND Pin=R12-1
Added Pin To Net: NetName=GND Pin=R14-1
Added Pin To Net: NetName=GND Pin=R15-1
Added Pin To Net: NetName=GND Pin=R16-1
Added Pin To Net: NetName=GND Pin=R17-1
Added Pin To Net: NetName=GND Pin=R22-1
Added Pin To Net: NetName=GND Pin=U1-8
Added Pin To Net: NetName=GND Pin=U1-23
Added Pin To Net: NetName=GND Pin=U1-35
Added Pin To Net: NetName=GND Pin=U1-47
Added Pin To Net: NetName=GND Pin=U3-1
Added Pin To Net: NetName=GND Pin=U5-3
Added Net: Name=GND
Added Pin To Net: NetName=GY_DRDY Pin=U1-21
Added Pin To Net: NetName=GY_DRDY Pin=U5-8
Added Net: Name=GY_DRDY
Added Pin To Net: NetName=GY_FSYNC Pin=U1-45
Added Pin To Net: NetName=GY_FSYNC Pin=U5-6
Added Net: Name=GY_FSYNC
Added Pin To Net: NetName=GY_INTA Pin=U1-46
Added Pin To Net: NetName=GY_INTA Pin=U5-7
Added Net: Name=GY_INTA
Added Pin To Net: NetName=GY_SCL Pin=U1-42
Added Pin To Net: NetName=GY_SCL Pin=U5-4
Added Net: Name=GY_SCL
Added Pin To Net: NetName=GY_SDA Pin=U1-43
Added Pin To Net: NetName=GY_SDA Pin=U5-5
Added Net: Name=GY_SDA
Added Pin To Net: NetName=JTCK Pin=J6-3
Added Pin To Net: NetName=JTCK Pin=R8-1
Added Pin To Net: NetName=JTCK Pin=U1-37
Added Net: Name=JTCK
Added Pin To Net: NetName=JTDI Pin=R18-4
Added Pin To Net: NetName=JTDI Pin=U1-38
Added Net: Name=JTDI
Added Pin To Net: NetName=JTDO Pin=R18-6
Added Pin To Net: NetName=JTDO Pin=U1-39
Added Net: Name=JTDO
Added Pin To Net: NetName=JTMS Pin=J6-4
Added Pin To Net: NetName=JTMS Pin=R18-2
Added Pin To Net: NetName=JTMS Pin=U1-34
Added Net: Name=JTMS
Added Pin To Net: NetName=JTRST Pin=R18-8
Added Pin To Net: NetName=JTRST Pin=U1-40
Added Net: Name=JTRST
Added Pin To Net: NetName=LED_1 Pin=D7-2
Added Pin To Net: NetName=LED_1 Pin=D11-2
Added Pin To Net: NetName=LED_1 Pin=U1-25
Added Net: Name=LED_1
Added Pin To Net: NetName=LED_2 Pin=D8-2
Added Pin To Net: NetName=LED_2 Pin=D12-2
Added Pin To Net: NetName=LED_2 Pin=U1-26
Added Net: Name=LED_2
Added Pin To Net: NetName=LED_3 Pin=D9-2
Added Pin To Net: NetName=LED_3 Pin=D13-2
Added Pin To Net: NetName=LED_3 Pin=U1-27
Added Net: Name=LED_3
Added Pin To Net: NetName=LED_4 Pin=D10-2
Added Pin To Net: NetName=LED_4 Pin=D14-2
Added Pin To Net: NetName=LED_4 Pin=U1-28
Added Net: Name=LED_4
Added Pin To Net: NetName=MOS_1 Pin=R14-2
Added Pin To Net: NetName=MOS_1 Pin=U1-29
Added Net: Name=MOS_1
Added Pin To Net: NetName=MOS_2 Pin=R15-2
Added Pin To Net: NetName=MOS_2 Pin=U1-30
Added Net: Name=MOS_2
Added Pin To Net: NetName=MOS_3 Pin=R16-2
Added Pin To Net: NetName=MOS_3 Pin=U1-31
Added Net: Name=MOS_3
Added Pin To Net: NetName=MOS_4 Pin=R17-2
Added Pin To Net: NetName=MOS_4 Pin=U1-32
Added Net: Name=MOS_4
Added Pin To Net: NetName=NetC1_2 Pin=C1-2
Added Pin To Net: NetName=NetC1_2 Pin=C5-1
Added Pin To Net: NetName=NetC1_2 Pin=L3-2
Added Pin To Net: NetName=NetC1_2 Pin=R7-1
Added Pin To Net: NetName=NetC1_2 Pin=S1-2
Added Pin To Net: NetName=NetC1_2 Pin=S1-3
Added Pin To Net: NetName=NetC1_2 Pin=S1-5
Added Net: Name=NetC1_2
Added Pin To Net: NetName=NetC2_2 Pin=C2-2
Added Pin To Net: NetName=NetC2_2 Pin=R6-1
Added Pin To Net: NetName=NetC2_2 Pin=R10-2
Added Net: Name=NetC2_2
Added Pin To Net: NetName=NetC8_2 Pin=C8-2
Added Pin To Net: NetName=NetC8_2 Pin=R11-2
Added Pin To Net: NetName=NetC8_2 Pin=U1-5
Added Pin To Net: NetName=NetC8_2 Pin=Y1-2
Added Net: Name=NetC8_2
Added Pin To Net: NetName=NetC9_2 Pin=C9-2
Added Pin To Net: NetName=NetC9_2 Pin=R11-1
Added Pin To Net: NetName=NetC9_2 Pin=U1-6
Added Pin To Net: NetName=NetC9_2 Pin=Y1-1
Added Net: Name=NetC9_2
Added Pin To Net: NetName=NetC10_1 Pin=C10-1
Added Pin To Net: NetName=NetC10_1 Pin=L4-2
Added Pin To Net: NetName=NetC10_1 Pin=U1-9
Added Net: Name=NetC10_1
Added Pin To Net: NetName=NetD1_1 Pin=D1-1
Added Pin To Net: NetName=NetD1_1 Pin=L3-1
Added Net: Name=NetD1_1
Added Pin To Net: NetName=NetD2_1 Pin=D2-1
Added Pin To Net: NetName=NetD2_1 Pin=J2-2
Added Net: Name=NetD2_1
Added Pin To Net: NetName=NetD3_1 Pin=D3-1
Added Pin To Net: NetName=NetD3_1 Pin=J3-2
Added Net: Name=NetD3_1
Added Pin To Net: NetName=NetD4_1 Pin=D4-1
Added Pin To Net: NetName=NetD4_1 Pin=J4-2
Added Net: Name=NetD4_1
Added Pin To Net: NetName=NetD5_1 Pin=D5-1
Added Pin To Net: NetName=NetD5_1 Pin=J5-2
Added Net: Name=NetD5_1
Added Pin To Net: NetName=NetD6_1 Pin=D6-1
Added Pin To Net: NetName=NetD6_1 Pin=D6-2
Added Pin To Net: NetName=NetD6_1 Pin=D6-3
Added Pin To Net: NetName=NetD6_1 Pin=R19-2
Added Net: Name=NetD6_1
Added Pin To Net: NetName=NetD6_4 Pin=D6-4
Added Pin To Net: NetName=NetD6_4 Pin=D6-5
Added Pin To Net: NetName=NetD6_4 Pin=D6-6
Added Net: Name=NetD6_4
Added Pin To Net: NetName=NetD7_1 Pin=D7-1
Added Pin To Net: NetName=NetD7_1 Pin=D8-1
Added Pin To Net: NetName=NetD7_1 Pin=D9-1
Added Pin To Net: NetName=NetD7_1 Pin=D10-1
Added Pin To Net: NetName=NetD7_1 Pin=R20-2
Added Net: Name=NetD7_1
Added Pin To Net: NetName=NetD11_1 Pin=D11-1
Added Pin To Net: NetName=NetD11_1 Pin=D12-1
Added Pin To Net: NetName=NetD11_1 Pin=D13-1
Added Pin To Net: NetName=NetD11_1 Pin=D14-1
Added Pin To Net: NetName=NetD11_1 Pin=R21-2
Added Net: Name=NetD11_1
Added Pin To Net: NetName=NetL1_2 Pin=L1-2
Added Pin To Net: NetName=NetL1_2 Pin=R4-1
Added Net: Name=NetL1_2
Added Pin To Net: NetName=NetR1_1 Pin=R1-1
Added Pin To Net: NetName=NetR1_1 Pin=R2-2
Added Pin To Net: NetName=NetR1_1 Pin=U1-10
Added Net: Name=NetR1_1
Added Pin To Net: NetName=NetR5_1 Pin=R5-1
Added Pin To Net: NetName=NetR5_1 Pin=U1-20
Added Net: Name=NetR5_1
Added Pin To Net: NetName=NetR12_2 Pin=R12-2
Added Pin To Net: NetName=NetR12_2 Pin=U1-44
Added Net: Name=NetR12_2
Added Pin To Net: NetName=NetR13_2 Pin=R13-2
Added Pin To Net: NetName=NetR13_2 Pin=U1-7
Added Net: Name=NetR13_2
Added Pin To Net: NetName=OUT_1 Pin=U1-12
Added Net: Name=OUT_1
Added Pin To Net: NetName=SGND Pin=C4-2
Added Pin To Net: NetName=SGND Pin=C5-2
Added Pin To Net: NetName=SGND Pin=L2-2
Added Pin To Net: NetName=SGND Pin=R9-2
Added Pin To Net: NetName=SGND Pin=R10-1
Added Net: Name=SGND
Added Class: Name=UAV2.0_DOC
Added Room: Name=UAV2.0_DOC
